[debug] [2024-08-17T00:54:28.185Z] ----------------------------------------------------------------------
[debug] [2024-08-17T00:54:28.197Z] Command:       C:\Program Files\nodejs\node.exe C:\Users\sol33\AppData\Roaming\npm\node_modules\firebase-tools\lib\bin\firebase.js init
[debug] [2024-08-17T00:54:28.198Z] CLI Version:   13.15.2
[debug] [2024-08-17T00:54:28.199Z] Platform:      win32
[debug] [2024-08-17T00:54:28.199Z] Node Version:  v20.13.1
[debug] [2024-08-17T00:54:28.200Z] Time:          Fri Aug 16 2024 20:54:28 GMT-0400 (Eastern Daylight Time)
[debug] [2024-08-17T00:54:28.200Z] ----------------------------------------------------------------------
[debug] 
[debug] [2024-08-17T00:54:28.346Z] > command requires scopes: ["email","openid","https://www.googleapis.com/auth/cloudplatformprojects.readonly","https://www.googleapis.com/auth/firebase","https://www.googleapis.com/auth/cloud-platform"]
[debug] [2024-08-17T00:54:28.348Z] > authorizing via signed-in user (sol339844@gmail.com)
[info] 
     ######## #### ########  ######## ########     ###     ######  ########
     ##        ##  ##     ## ##       ##     ##  ##   ##  ##       ##
     ######    ##  ########  ######   ########  #########  ######  ######
     ##        ##  ##    ##  ##       ##     ## ##     ##       ## ##
     ##       #### ##     ## ######## ########  ##     ##  ######  ########

You're about to initialize a Firebase project in this directory:

  C:\Users\sol33\OneDrive\Documents\Desktop\Amazon- Clone1\amazon-clone2

Before we get started, keep in mind:

  * You are initializing within an existing Firebase project directory

